<?xml version="1.0" encoding="UTF-8"?>
<!-- Generated by org.testng.reporters.JUnitReportReporter -->
<testsuite hostname="user-PC" name="TestCases.Expedia" tests="1" failures="0" timestamp="2 Feb 2018 12:50:26 GMT" time="26.935" errors="0">
  <testcase name="hotelReservation" time="26.935" classname="TestCases.Expedia"/>
</testsuite> <!-- TestCases.Expedia -->
